cl : 命令列 warning D9035: 選項 'Gm' 已被取代，在未來的發行版本中將會移除
  turtle.cpp
  star.cpp
  mushroom.cpp
  missile.cpp
  mario.cpp
  hatgoomba.cpp
  goomba.cpp
  flower.cpp
  fireturtle.cpp
  fireflower.cpp
  fireball.cpp
  enemyfireball.cpp
  正在產生程式碼...
  正在編譯...
  map.cpp
  itemfactor.cpp
  item.cpp
  gameutil.cpp
  gamecore.cpp
  enemyfactor.cpp
  enemy.cpp
  mygame_run.cpp
  mygame_over.cpp
  mygame_initialize.cpp
  gameView.cpp
  game.cpp
  正在產生程式碼...
  game.vcxproj -> C:\Users\User\Downloads\Super-Mario-test (2)\Super-Mario-test\.\Debug\game.exe
